2025-11-14 19:35:44,561 INFO: Revenue Web startup [in /Users/seal/Documents/GitHub/nt/revenue-web/app/__init__.py:68]
2025-11-14 19:36:06,204 INFO: Revenue Web startup [in /Users/seal/Documents/GitHub/nt/revenue-web/app/__init__.py:68]
2025-11-14 19:36:17,236 INFO: Revenue Web startup [in /Users/seal/Documents/GitHub/nt/revenue-web/app/__init__.py:68]
2025-11-14 20:05:11,546 INFO: Revenue Web startup [in /Users/seal/Documents/GitHub/nt/revenue-web/app/__init__.py:74]
2025-11-14 20:05:26,581 INFO: Revenue Web startup [in /Users/seal/Documents/GitHub/nt/revenue-web/app/__init__.py:74]
2025-11-14 20:08:46,306 INFO: Revenue Web startup [in /Users/seal/Documents/GitHub/nt/revenue-web/app/__init__.py:74]
2025-11-14 20:08:51,736 ERROR: Exception on /register [POST] [in /Users/seal/Documents/GitHub/nt/revenue-web/venv/lib/python3.14/site-packages/flask/app.py:1414]
Traceback (most recent call last):
  File "/Users/seal/Documents/GitHub/nt/revenue-web/venv/lib/python3.14/site-packages/flask/app.py", line 2190, in wsgi_app
    response = self.full_dispatch_request()
  File "/Users/seal/Documents/GitHub/nt/revenue-web/venv/lib/python3.14/site-packages/flask/app.py", line 1486, in full_dispatch_request
    rv = self.handle_user_exception(e)
  File "/Users/seal/Documents/GitHub/nt/revenue-web/venv/lib/python3.14/site-packages/flask/app.py", line 1484, in full_dispatch_request
    rv = self.dispatch_request()
  File "/Users/seal/Documents/GitHub/nt/revenue-web/venv/lib/python3.14/site-packages/flask/app.py", line 1469, in dispatch_request
    return self.ensure_sync(self.view_functions[rule.endpoint])(**view_args)
           ~~~~~~~~~~~~~~~~~~~~~~~~~~~~~~~~~~~~~~~~~~~~~~~~~~~~^^^^^^^^^^^^^
  File "/Users/seal/Documents/GitHub/nt/revenue-web/app/public/routes.py", line 90, in register
    db.session.commit()
    ~~~~~~~~~~~~~~~~~^^
  File "/Users/seal/Documents/GitHub/nt/revenue-web/venv/lib/python3.14/site-packages/sqlalchemy/orm/scoping.py", line 597, in commit
    return self._proxied.commit()
           ~~~~~~~~~~~~~~~~~~~~^^
  File "/Users/seal/Documents/GitHub/nt/revenue-web/venv/lib/python3.14/site-packages/sqlalchemy/orm/session.py", line 2030, in commit
    trans.commit(_to_root=True)
    ~~~~~~~~~~~~^^^^^^^^^^^^^^^
  File "<string>", line 2, in commit
  File "/Users/seal/Documents/GitHub/nt/revenue-web/venv/lib/python3.14/site-packages/sqlalchemy/orm/state_changes.py", line 137, in _go
    ret_value = fn(self, *arg, **kw)
  File "/Users/seal/Documents/GitHub/nt/revenue-web/venv/lib/python3.14/site-packages/sqlalchemy/orm/session.py", line 1311, in commit
    self._prepare_impl()
    ~~~~~~~~~~~~~~~~~~^^
  File "<string>", line 2, in _prepare_impl
  File "/Users/seal/Documents/GitHub/nt/revenue-web/venv/lib/python3.14/site-packages/sqlalchemy/orm/state_changes.py", line 137, in _go
    ret_value = fn(self, *arg, **kw)
  File "/Users/seal/Documents/GitHub/nt/revenue-web/venv/lib/python3.14/site-packages/sqlalchemy/orm/session.py", line 1286, in _prepare_impl
    self.session.flush()
    ~~~~~~~~~~~~~~~~~~^^
  File "/Users/seal/Documents/GitHub/nt/revenue-web/venv/lib/python3.14/site-packages/sqlalchemy/orm/session.py", line 4331, in flush
    self._flush(objects)
    ~~~~~~~~~~~^^^^^^^^^
  File "/Users/seal/Documents/GitHub/nt/revenue-web/venv/lib/python3.14/site-packages/sqlalchemy/orm/session.py", line 4466, in _flush
    with util.safe_reraise():
         ~~~~~~~~~~~~~~~~~^^
  File "/Users/seal/Documents/GitHub/nt/revenue-web/venv/lib/python3.14/site-packages/sqlalchemy/util/langhelpers.py", line 224, in __exit__
    raise exc_value.with_traceback(exc_tb)
  File "/Users/seal/Documents/GitHub/nt/revenue-web/venv/lib/python3.14/site-packages/sqlalchemy/orm/session.py", line 4427, in _flush
    flush_context.execute()
    ~~~~~~~~~~~~~~~~~~~~~^^
  File "/Users/seal/Documents/GitHub/nt/revenue-web/venv/lib/python3.14/site-packages/sqlalchemy/orm/unitofwork.py", line 466, in execute
    rec.execute(self)
    ~~~~~~~~~~~^^^^^^
  File "/Users/seal/Documents/GitHub/nt/revenue-web/venv/lib/python3.14/site-packages/sqlalchemy/orm/unitofwork.py", line 591, in execute
    self.dependency_processor.process_saves(uow, states)
    ~~~~~~~~~~~~~~~~~~~~~~~~~~~~~~~~~~~~~~~^^^^^^^^^^^^^
  File "/Users/seal/Documents/GitHub/nt/revenue-web/venv/lib/python3.14/site-packages/sqlalchemy/orm/dependency.py", line 1150, in process_saves
    if not self._synchronize(
           ~~~~~~~~~~~~~~~~~^
        state, child, associationrow, False, uowcommit, "add"
        ^^^^^^^^^^^^^^^^^^^^^^^^^^^^^^^^^^^^^^^^^^^^^^^^^^^^^
    ):
    ^
  File "/Users/seal/Documents/GitHub/nt/revenue-web/venv/lib/python3.14/site-packages/sqlalchemy/orm/dependency.py", line 1264, in _synchronize
    self._verify_canload(child)
    ~~~~~~~~~~~~~~~~~~~~^^^^^^^
  File "/Users/seal/Documents/GitHub/nt/revenue-web/venv/lib/python3.14/site-packages/sqlalchemy/orm/dependency.py", line 266, in _verify_canload
    raise exc.FlushError(
    ...<2 lines>...
    )
sqlalchemy.orm.exc.FlushError: Can't flush None value found in collection User.roles
2025-11-14 20:09:23,240 ERROR: Exception on /register [POST] [in /Users/seal/Documents/GitHub/nt/revenue-web/venv/lib/python3.14/site-packages/flask/app.py:1414]
Traceback (most recent call last):
  File "/Users/seal/Documents/GitHub/nt/revenue-web/venv/lib/python3.14/site-packages/flask/app.py", line 2190, in wsgi_app
    response = self.full_dispatch_request()
  File "/Users/seal/Documents/GitHub/nt/revenue-web/venv/lib/python3.14/site-packages/flask/app.py", line 1486, in full_dispatch_request
    rv = self.handle_user_exception(e)
  File "/Users/seal/Documents/GitHub/nt/revenue-web/venv/lib/python3.14/site-packages/flask/app.py", line 1484, in full_dispatch_request
    rv = self.dispatch_request()
  File "/Users/seal/Documents/GitHub/nt/revenue-web/venv/lib/python3.14/site-packages/flask/app.py", line 1469, in dispatch_request
    return self.ensure_sync(self.view_functions[rule.endpoint])(**view_args)
           ~~~~~~~~~~~~~~~~~~~~~~~~~~~~~~~~~~~~~~~~~~~~~~~~~~~~^^^^^^^^^^^^^
  File "/Users/seal/Documents/GitHub/nt/revenue-web/app/public/routes.py", line 90, in register
    db.session.commit()
    ~~~~~~~~~~~~~~~~~^^
  File "/Users/seal/Documents/GitHub/nt/revenue-web/venv/lib/python3.14/site-packages/sqlalchemy/orm/scoping.py", line 597, in commit
    return self._proxied.commit()
           ~~~~~~~~~~~~~~~~~~~~^^
  File "/Users/seal/Documents/GitHub/nt/revenue-web/venv/lib/python3.14/site-packages/sqlalchemy/orm/session.py", line 2030, in commit
    trans.commit(_to_root=True)
    ~~~~~~~~~~~~^^^^^^^^^^^^^^^
  File "<string>", line 2, in commit
  File "/Users/seal/Documents/GitHub/nt/revenue-web/venv/lib/python3.14/site-packages/sqlalchemy/orm/state_changes.py", line 137, in _go
    ret_value = fn(self, *arg, **kw)
  File "/Users/seal/Documents/GitHub/nt/revenue-web/venv/lib/python3.14/site-packages/sqlalchemy/orm/session.py", line 1311, in commit
    self._prepare_impl()
    ~~~~~~~~~~~~~~~~~~^^
  File "<string>", line 2, in _prepare_impl
  File "/Users/seal/Documents/GitHub/nt/revenue-web/venv/lib/python3.14/site-packages/sqlalchemy/orm/state_changes.py", line 137, in _go
    ret_value = fn(self, *arg, **kw)
  File "/Users/seal/Documents/GitHub/nt/revenue-web/venv/lib/python3.14/site-packages/sqlalchemy/orm/session.py", line 1286, in _prepare_impl
    self.session.flush()
    ~~~~~~~~~~~~~~~~~~^^
  File "/Users/seal/Documents/GitHub/nt/revenue-web/venv/lib/python3.14/site-packages/sqlalchemy/orm/session.py", line 4331, in flush
    self._flush(objects)
    ~~~~~~~~~~~^^^^^^^^^
  File "/Users/seal/Documents/GitHub/nt/revenue-web/venv/lib/python3.14/site-packages/sqlalchemy/orm/session.py", line 4466, in _flush
    with util.safe_reraise():
         ~~~~~~~~~~~~~~~~~^^
  File "/Users/seal/Documents/GitHub/nt/revenue-web/venv/lib/python3.14/site-packages/sqlalchemy/util/langhelpers.py", line 224, in __exit__
    raise exc_value.with_traceback(exc_tb)
  File "/Users/seal/Documents/GitHub/nt/revenue-web/venv/lib/python3.14/site-packages/sqlalchemy/orm/session.py", line 4427, in _flush
    flush_context.execute()
    ~~~~~~~~~~~~~~~~~~~~~^^
  File "/Users/seal/Documents/GitHub/nt/revenue-web/venv/lib/python3.14/site-packages/sqlalchemy/orm/unitofwork.py", line 466, in execute
    rec.execute(self)
    ~~~~~~~~~~~^^^^^^
  File "/Users/seal/Documents/GitHub/nt/revenue-web/venv/lib/python3.14/site-packages/sqlalchemy/orm/unitofwork.py", line 591, in execute
    self.dependency_processor.process_saves(uow, states)
    ~~~~~~~~~~~~~~~~~~~~~~~~~~~~~~~~~~~~~~~^^^^^^^^^^^^^
  File "/Users/seal/Documents/GitHub/nt/revenue-web/venv/lib/python3.14/site-packages/sqlalchemy/orm/dependency.py", line 1150, in process_saves
    if not self._synchronize(
           ~~~~~~~~~~~~~~~~~^
        state, child, associationrow, False, uowcommit, "add"
        ^^^^^^^^^^^^^^^^^^^^^^^^^^^^^^^^^^^^^^^^^^^^^^^^^^^^^
    ):
    ^
  File "/Users/seal/Documents/GitHub/nt/revenue-web/venv/lib/python3.14/site-packages/sqlalchemy/orm/dependency.py", line 1264, in _synchronize
    self._verify_canload(child)
    ~~~~~~~~~~~~~~~~~~~~^^^^^^^
  File "/Users/seal/Documents/GitHub/nt/revenue-web/venv/lib/python3.14/site-packages/sqlalchemy/orm/dependency.py", line 266, in _verify_canload
    raise exc.FlushError(
    ...<2 lines>...
    )
sqlalchemy.orm.exc.FlushError: Can't flush None value found in collection User.roles
2025-11-14 20:10:53,959 INFO: Revenue Web startup [in /Users/seal/Documents/GitHub/nt/revenue-web/app/__init__.py:74]
2025-11-14 20:11:07,065 INFO: Revenue Web startup [in /Users/seal/Documents/GitHub/nt/revenue-web/app/__init__.py:74]
2025-11-14 20:11:14,953 INFO: Revenue Web startup [in /Users/seal/Documents/GitHub/nt/revenue-web/app/__init__.py:74]
2025-11-14 20:11:27,001 INFO: Revenue Web startup [in /Users/seal/Documents/GitHub/nt/revenue-web/app/__init__.py:74]
